{"name": "test_buy_product_1", "status": "broken", "statusDetails": {"message": "selenium.common.exceptions.TimeoutException: Message: \nStacktrace:\n\tGetHandleVerifier [0x00D0F653+11395]\n\t(No symbol) [0x00CEB7A4]\n\t(No symbol) [0x00C31A43]\n\t(No symbol) [0x00C756C8]\n\t(No symbol) [0x00C758AB]\n\t(No symbol) [0x00CB26A2]\n\t(No symbol) [0x00C971E4]\n\t(No symbol) [0x00CB03DC]\n\t(No symbol) [0x00C96F36]\n\t(No symbol) [0x00C6A276]\n\t(No symbol) [0x00C6AECD]\n\tGetHandleVerifier [0x00E12403+1071667]\n\tGetHandleVerifier [0x00E1C9C4+1114100]\n\tGetHandleVerifier [0x00E154B2+1084130]\n\tGetHandleVerifier [0x00D3013B+145259]\n\t(No symbol) [0x00CF1693]\n\t(No symbol) [0x00CEEFB8]\n\t(No symbol) [0x00CEF157]\n\t(No symbol) [0x00CE842E]\n\tBaseThreadInitThunk [0x75EE7BA9+25]\n\tRtlInitializeExceptionChain [0x77BAC10B+107]\n\tRtlClearBits [0x77BAC08F+191]", "trace": "def test_buy_product_1():\n        driver = webdriver.Chrome(service=ChromeService(ChromeDriverManager().install()))\n    \n        print(\"START TEST 1\")\n    \n        login = Login_page(driver)\n        login.autorization()\n    \n        mp = Main_page(driver)\n>       mp.select_products_1()\n\ntests\\test_buy_product.py:31: \n_ _ _ _ _ _ _ _ _ _ _ _ _ _ _ _ _ _ _ _ _ _ _ _ _ _ _ _ _ _ _ _ _ _ _ _ _ _ _ _ _ _ _ _ _ _ _ _ _ _ _ _ _ _ _ _ _ _ _ _ _ _ _ _ _ _ _ _ _ _ _ _ _ _ _ _ _ _ _ _ _ _ _ _ _ _ _ _ _ _\npages\\main_page.py:83: in select_products_1\n    self.click_select_product_1()\npages\\main_page.py:48: in click_select_product_1\n    self.get_select_product_1().click()\npages\\main_page.py:29: in get_select_product_1\n    return WebDriverWait(self.driver, 30).until(EC.element_to_be_clickable((By.XPATH, self.select_product_1)))\n_ _ _ _ _ _ _ _ _ _ _ _ _ _ _ _ _ _ _ _ _ _ _ _ _ _ _ _ _ _ _ _ _ _ _ _ _ _ _ _ _ _ _ _ _ _ _ _ _ _ _ _ _ _ _ _ _ _ _ _ _ _ _ _ _ _ _ _ _ _ _ _ _ _ _ _ _ _ _ _ _ _ _ _ _ _ _ _ _ _\n\nself = <selenium.webdriver.support.wait.WebDriverWait (session=\"579347061c2833407325fe65eef4850a\")>\nmethod = <function element_to_be_clickable.<locals>._predicate at 0x0000019E26B840D0>, message = ''\n\n    def until(self, method: Callable[[D], Union[Literal[False], T]], message: str = \"\") -> T:\n        \"\"\"Calls the method provided with the driver as an argument until the \\\n        return value does not evaluate to ``False``.\n    \n        :param method: callable(WebDriver)\n        :param message: optional message for :exc:`TimeoutException`\n        :returns: the result of the last call to `method`\n        :raises: :exc:`selenium.common.exceptions.TimeoutException` if timeout occurs\n        \"\"\"\n        screen = None\n        stacktrace = None\n    \n        end_time = time.monotonic() + self._timeout\n        while True:\n            try:\n                value = method(self._driver)\n                if value:\n                    return value\n            except self._ignored_exceptions as exc:\n                screen = getattr(exc, \"screen\", None)\n                stacktrace = getattr(exc, \"stacktrace\", None)\n            time.sleep(self._poll)\n            if time.monotonic() > end_time:\n                break\n>       raise TimeoutException(message, screen, stacktrace)\nE       selenium.common.exceptions.TimeoutException: Message: \nE       Stacktrace:\nE       \tGetHandleVerifier [0x00D0F653+11395]\nE       \t(No symbol) [0x00CEB7A4]\nE       \t(No symbol) [0x00C31A43]\nE       \t(No symbol) [0x00C756C8]\nE       \t(No symbol) [0x00C758AB]\nE       \t(No symbol) [0x00CB26A2]\nE       \t(No symbol) [0x00C971E4]\nE       \t(No symbol) [0x00CB03DC]\nE       \t(No symbol) [0x00C96F36]\nE       \t(No symbol) [0x00C6A276]\nE       \t(No symbol) [0x00C6AECD]\nE       \tGetHandleVerifier [0x00E12403+1071667]\nE       \tGetHandleVerifier [0x00E1C9C4+1114100]\nE       \tGetHandleVerifier [0x00E154B2+1084130]\nE       \tGetHandleVerifier [0x00D3013B+145259]\nE       \t(No symbol) [0x00CF1693]\nE       \t(No symbol) [0x00CEEFB8]\nE       \t(No symbol) [0x00CEF157]\nE       \t(No symbol) [0x00CE842E]\nE       \tBaseThreadInitThunk [0x75EE7BA9+25]\nE       \tRtlInitializeExceptionChain [0x77BAC10B+107]\nE       \tRtlClearBits [0x77BAC08F+191]\n\n.venv\\lib\\site-packages\\selenium\\webdriver\\support\\wait.py:105: TimeoutException"}, "steps": [{"name": "autorization", "status": "passed", "start": 1722212649362, "stop": 1722212662456}, {"name": "Select products 1", "status": "broken", "statusDetails": {"message": "selenium.common.exceptions.TimeoutException: Message: \nStacktrace:\n\tGetHandleVerifier [0x00D0F653+11395]\n\t(No symbol) [0x00CEB7A4]\n\t(No symbol) [0x00C31A43]\n\t(No symbol) [0x00C756C8]\n\t(No symbol) [0x00C758AB]\n\t(No symbol) [0x00CB26A2]\n\t(No symbol) [0x00C971E4]\n\t(No symbol) [0x00CB03DC]\n\t(No symbol) [0x00C96F36]\n\t(No symbol) [0x00C6A276]\n\t(No symbol) [0x00C6AECD]\n\tGetHandleVerifier [0x00E12403+1071667]\n\tGetHandleVerifier [0x00E1C9C4+1114100]\n\tGetHandleVerifier [0x00E154B2+1084130]\n\tGetHandleVerifier [0x00D3013B+145259]\n\t(No symbol) [0x00CF1693]\n\t(No symbol) [0x00CEEFB8]\n\t(No symbol) [0x00CEF157]\n\t(No symbol) [0x00CE842E]\n\tBaseThreadInitThunk [0x75EE7BA9+25]\n\tRtlInitializeExceptionChain [0x77BAC10B+107]\n\tRtlClearBits [0x77BAC08F+191]\n\n", "trace": "  File \"C:\\Users\\Vladimir\\PycharmTests\\main_project_2\\pages\\main_page.py\", line 83, in select_products_1\n    self.click_select_product_1()\n  File \"C:\\Users\\Vladimir\\PycharmTests\\main_project_2\\pages\\main_page.py\", line 48, in click_select_product_1\n    self.get_select_product_1().click()\n  File \"C:\\Users\\Vladimir\\PycharmTests\\main_project_2\\pages\\main_page.py\", line 29, in get_select_product_1\n    return WebDriverWait(self.driver, 30).until(EC.element_to_be_clickable((By.XPATH, self.select_product_1)))\n  File \"C:\\Users\\Vladimir\\PycharmTests\\main_project_2\\.venv\\lib\\site-packages\\selenium\\webdriver\\support\\wait.py\", line 105, in until\n    raise TimeoutException(message, screen, stacktrace)\n"}, "start": 1722212662456, "stop": 1722212692761}], "attachments": [{"name": "stdout", "source": "6433fa4b-7be0-4fa8-8d58-f1cf8c9bb653-attachment.txt", "type": "text/plain"}], "start": 1722212646879, "stop": 1722212692768, "uuid": "cd62973b-430a-4a8f-b83c-76f9bb6cd08f", "historyId": "921e569ef0e667b7ca50b3357f391e4e", "testCaseId": "921e569ef0e667b7ca50b3357f391e4e", "fullName": "tests.test_buy_product#test_buy_product_1", "labels": [{"name": "parentSuite", "value": "tests"}, {"name": "suite", "value": "test_buy_product"}, {"name": "host", "value": "oydoge"}, {"name": "thread", "value": "7568-MainThread"}, {"name": "framework", "value": "pytest"}, {"name": "language", "value": "cpython3"}, {"name": "package", "value": "tests.test_buy_product"}]}